[INFO]: Started logging...
June 30th 2020, 12:24:51 seed: 1971525472
June 30th 2020, 12:24:57 [ERR]: Client 127.0.0.1:56937 : Error: write ECONNABORTED
    at afterWriteDispatched (internal/stream_base_commons.js:154:25)
    at writeGeneric (internal/stream_base_commons.js:145:3)
    at Socket._writeGeneric (net.js:784:11)
    at Socket._write (net.js:796:8)
    at doWrite (_stream_writable.js:403:12)
    at writeOrBuffer (_stream_writable.js:387:5)
    at Socket.Writable.write (_stream_writable.js:318:11)
    at Framer.ondata (C:\Users\KEMAL\Desktop\tone\node_modules\readable-stream\lib\_stream_readable.js:681:20)
    at Framer.emit (events.js:310:20)
    at addChunk (C:\Users\KEMAL\Desktop\tone\node_modules\readable-stream\lib\_stream_readable.js:298:12)
    at readableAddChunk (C:\Users\KEMAL\Desktop\tone\node_modules\readable-stream\lib\_stream_readable.js:280:11)
    at Framer.Readable.push (C:\Users\KEMAL\Desktop\tone\node_modules\readable-stream\lib\_stream_readable.js:241:10)
    at Framer.Transform.push (C:\Users\KEMAL\Desktop\tone\node_modules\readable-stream\lib\_stream_transform.js:139:32)
    at Framer._transform (C:\Users\KEMAL\Desktop\tone\node_modules\minecraft-protocol\src\transforms\framing.js:20:10)
    at Framer.Transform._read (C:\Users\KEMAL\Desktop\tone\node_modules\readable-stream\lib\_stream_transform.js:177:10)
    at Framer.Transform._write (C:\Users\KEMAL\Desktop\tone\node_modules\readable-stream\lib\_stream_transform.js:164:83)
    at doWrite (C:\Users\KEMAL\Desktop\tone\node_modules\readable-stream\lib\_stream_writable.js:409:139)
    at writeOrBuffer (C:\Users\KEMAL\Desktop\tone\node_modules\readable-stream\lib\_stream_writable.js:398:5)
    at Framer.Writable.write (C:\Users\KEMAL\Desktop\tone\node_modules\readable-stream\lib\_stream_writable.js:307:11)
    at Compressor.ondata (C:\Users\KEMAL\Desktop\tone\node_modules\readable-stream\lib\_stream_readable.js:681:20)
    at Compressor.emit (events.js:310:20)
    at addChunk (C:\Users\KEMAL\Desktop\tone\node_modules\readable-stream\lib\_stream_readable.js:298:12)
June 30th 2020, 12:24:57 [INFO]: Alan404 disconnected
June 30th 2020, 12:25:02 [INFO]: Alan404 (127.0.0.1) connected
June 30th 2020, 12:25:02 [INFO]: position written, player spawning...
